================================================================
======== txAdmin v7.3.2 atop fxserver 11012 Starting - 17/11/2024, 15:29:15
================================================================
[15:32:43] txAdmin: Logger started
[15:34:56] [xxA6q#1] PapierenHond: joined with identifiers [license:fd5343f3fa45d6f722fc3a26e253aa046fdab592; discord:294165390899281922; license2:75d7c5a9ca9bccb5d535672d2542732e168ce4aa]
[15:37:46] [xxA6q#1] PapierenHond: died from suicide (Pistol)
[15:38:25] [xxA6q#1] PapierenHond: died from suicide
[15:43:56] [xxA6q#1] PapierenHond: caused an explosion (PLANE)
[15:44:15] [xxA6q#1] PapierenHond: died from suicide (Pump Shotgun)
[15:44:28] [xxA6q#1] PapierenHond: died from suicide (Falling)
[15:44:38] [xxA6q#1] PapierenHond: disconnected (Exiting)
================================================================
======== txAdmin v7.3.2 atop fxserver 11012 Starting - 17/11/2024, 16:01:59
================================================================
[16:02:09] txAdmin: Logger started
[16:04:06] txAdmin: Logger started
================================================================
======== txAdmin v7.3.2 atop fxserver 11012 Starting - 17/11/2024, 16:15:07
================================================================
================================================================
======== txAdmin v7.3.2 atop fxserver 11012 Starting - 17/11/2024, 16:17:59
================================================================
[16:18:02] txAdmin: Logger started
[16:20:31] [fe4tA#1] PapierenHond: joined with identifiers [license:fd5343f3fa45d6f722fc3a26e253aa046fdab592; discord:294165390899281922; license2:75d7c5a9ca9bccb5d535672d2542732e168ce4aa]
[16:23:01] [fe4tA#1] PapierenHond: disconnected (Disconnected.)
[16:23:31] [fe4tA#2] PapierenHond: joined with identifiers [license:fd5343f3fa45d6f722fc3a26e253aa046fdab592; discord:294165390899281922; license2:75d7c5a9ca9bccb5d535672d2542732e168ce4aa]
[16:24:19] [fe4tA#2] PapierenHond: spawned a vehicle (model: f620)
[16:25:15] [fe4tA#2] PapierenHond: enabled super jump
[16:25:29] [fe4tA#2] PapierenHond: spawned a vehicle (model: police)
[16:26:51] [fe4tA#2] PapierenHond: turned show player IDs on
[16:26:52] [fe4tA#2] PapierenHond: turned show player IDs off
[16:31:43] [fe4tA#2] PapierenHond: teleported to a waypoint
[16:32:30] [fe4tA#2] PapierenHond: caused an explosion (UNKNOWN)
[16:32:30] [fe4tA#2] PapierenHond: caused an explosion (UNKNOWN)
[16:32:30] [fe4tA#2] PapierenHond: caused an explosion (PLANE)
[16:32:30] [fe4tA#2] PapierenHond: caused an explosion (PLANE)
[16:32:30] [fe4tA#2] PapierenHond: caused an explosion (PLANE)
[16:32:30] [fe4tA#2] PapierenHond: caused an explosion (PLANE)
[16:32:42] [fe4tA#2] PapierenHond: caused an explosion (UNKNOWN)
[16:32:42] [fe4tA#2] PapierenHond: caused an explosion (UNKNOWN)
[16:32:42] [fe4tA#2] PapierenHond: caused an explosion (UNKNOWN)
[16:32:43] [fe4tA#2] PapierenHond: caused an explosion (UNKNOWN)
[16:32:44] [fe4tA#2] PapierenHond: caused an explosion (UNKNOWN)
[16:32:44] [fe4tA#2] PapierenHond: caused an explosion (UNKNOWN)
[16:32:44] [fe4tA#2] PapierenHond: caused an explosion (UNKNOWN)
[16:32:57] [fe4tA#2] PapierenHond: caused an explosion (UNKNOWN)
[16:32:57] [fe4tA#2] PapierenHond: caused an explosion (UNKNOWN)
[16:32:57] [fe4tA#2] PapierenHond: caused an explosion (CAR)
[16:32:57] [fe4tA#2] PapierenHond: caused an explosion (UNKNOWN)
[16:32:57] [fe4tA#2] PapierenHond: caused an explosion (UNKNOWN)
[16:32:57] [fe4tA#2] PapierenHond: caused an explosion (UNKNOWN)
[16:32:57] [fe4tA#2] PapierenHond: caused an explosion (UNKNOWN)
[16:32:58] [fe4tA#2] PapierenHond: caused an explosion (UNKNOWN)
[16:32:58] [fe4tA#2] PapierenHond: caused an explosion (CAR)
[16:32:58] [fe4tA#2] PapierenHond: caused an explosion (UNKNOWN)
[16:32:59] [fe4tA#2] PapierenHond: caused an explosion (UNKNOWN)
[16:32:59] [fe4tA#2] PapierenHond: caused an explosion (UNKNOWN)
[16:32:59] [fe4tA#2] PapierenHond: caused an explosion (CAR)
[16:32:59] [fe4tA#2] PapierenHond: caused an explosion (UNKNOWN)
[16:33:00] [fe4tA#2] PapierenHond: caused an explosion (UNKNOWN)
[16:33:00] [fe4tA#2] PapierenHond: caused an explosion (UNKNOWN)
[16:33:00] [fe4tA#2] PapierenHond: caused an explosion (UNKNOWN)
[16:33:01] [fe4tA#2] PapierenHond: caused an explosion (UNKNOWN)
[16:33:09] [fe4tA#2] PapierenHond: caused an explosion (UNKNOWN)
[16:33:09] [fe4tA#2] PapierenHond: caused an explosion (UNKNOWN)
[16:33:09] [fe4tA#2] PapierenHond: caused an explosion (UNKNOWN)
[16:33:14] [fe4tA#2] PapierenHond: caused an explosion (PLANE_ROCKET)
[16:33:18] [fe4tA#2] PapierenHond: caused an explosion (PLANE_ROCKET)
[16:33:18] [fe4tA#2] PapierenHond: caused an explosion (PLANE_ROCKET)
[16:33:31] [fe4tA#2] PapierenHond: caused an explosion (UNKNOWN)
[16:33:31] [fe4tA#2] PapierenHond: caused an explosion (UNKNOWN)
[16:33:31] [fe4tA#2] PapierenHond: caused an explosion (UNKNOWN)
[16:33:31] [fe4tA#2] PapierenHond: caused an explosion (UNKNOWN)
[16:33:31] [fe4tA#2] PapierenHond: caused an explosion (UNKNOWN)
[16:33:31] [fe4tA#2] PapierenHond: caused an explosion (UNKNOWN)
[16:33:32] [fe4tA#2] PapierenHond: caused an explosion (UNKNOWN)
[16:33:32] [fe4tA#2] PapierenHond: caused an explosion (UNKNOWN)
[16:33:32] [fe4tA#2] PapierenHond: caused an explosion (CAR)
[16:33:32] [fe4tA#2] PapierenHond: caused an explosion (UNKNOWN)
[16:33:32] [fe4tA#2] PapierenHond: caused an explosion (UNKNOWN)
[16:33:32] [fe4tA#2] PapierenHond: caused an explosion (UNKNOWN)
[16:33:32] [fe4tA#2] PapierenHond: caused an explosion (UNKNOWN)
[16:33:33] [fe4tA#2] PapierenHond: caused an explosion (UNKNOWN)
[16:33:33] [fe4tA#2] PapierenHond: caused an explosion (UNKNOWN)
[16:33:33] [fe4tA#2] PapierenHond: caused an explosion (UNKNOWN)
[16:33:33] [fe4tA#2] PapierenHond: caused an explosion (UNKNOWN)
[16:33:33] [fe4tA#2] PapierenHond: caused an explosion (UNKNOWN)
[16:33:33] [fe4tA#2] PapierenHond: caused an explosion (UNKNOWN)
[16:33:34] [fe4tA#2] PapierenHond: caused an explosion (UNKNOWN)
[16:33:34] [fe4tA#2] PapierenHond: caused an explosion (UNKNOWN)
[16:33:34] [fe4tA#2] PapierenHond: caused an explosion (UNKNOWN)
[16:33:34] [fe4tA#2] PapierenHond: caused an explosion (UNKNOWN)
[16:33:34] [fe4tA#2] PapierenHond: caused an explosion (UNKNOWN)
[16:33:34] [fe4tA#2] PapierenHond: caused an explosion (UNKNOWN)
[16:33:35] [fe4tA#2] PapierenHond: caused an explosion (UNKNOWN)
[16:33:35] [fe4tA#2] PapierenHond: caused an explosion (UNKNOWN)
[16:33:35] [fe4tA#2] PapierenHond: caused an explosion (UNKNOWN)
[16:33:35] [fe4tA#2] PapierenHond: caused an explosion (UNKNOWN)
[16:33:40] [fe4tA#2] PapierenHond: caused an explosion (UNKNOWN)
[16:33:40] [fe4tA#2] PapierenHond: caused an explosion (UNKNOWN)
[16:33:40] [fe4tA#2] PapierenHond: caused an explosion (UNKNOWN)
[16:33:40] [fe4tA#2] PapierenHond: caused an explosion (CAR)
[16:33:40] [fe4tA#2] PapierenHond: caused an explosion (UNKNOWN)
[16:33:40] [fe4tA#2] PapierenHond: caused an explosion (UNKNOWN)
[16:33:40] [fe4tA#2] PapierenHond: caused an explosion (UNKNOWN)
[16:33:41] [fe4tA#2] PapierenHond: caused an explosion (UNKNOWN)
[16:33:48] [fe4tA#2] PapierenHond: caused an explosion (UNKNOWN)
[16:33:48] [fe4tA#2] PapierenHond: caused an explosion (UNKNOWN)
[16:33:48] [fe4tA#2] PapierenHond: caused an explosion (UNKNOWN)
[16:33:49] [fe4tA#2] PapierenHond: caused an explosion (UNKNOWN)
[16:33:49] [fe4tA#2] PapierenHond: caused an explosion (UNKNOWN)
[16:33:49] [fe4tA#2] PapierenHond: caused an explosion (UNKNOWN)
[16:33:49] [fe4tA#2] PapierenHond: caused an explosion (UNKNOWN)
[16:33:49] [fe4tA#2] PapierenHond: caused an explosion (UNKNOWN)
[16:33:49] [fe4tA#2] PapierenHond: caused an explosion (UNKNOWN)
[16:33:49] [fe4tA#2] PapierenHond: caused an explosion (UNKNOWN)
[16:33:50] [fe4tA#2] PapierenHond: caused an explosion (UNKNOWN)
[16:33:50] [fe4tA#2] PapierenHond: caused an explosion (UNKNOWN)
[16:33:50] [fe4tA#2] PapierenHond: caused an explosion (CAR)
[16:33:50] [fe4tA#2] PapierenHond: caused an explosion (UNKNOWN)
[16:33:54] [fe4tA#2] PapierenHond: caused an explosion (UNKNOWN)
[16:33:54] [fe4tA#2] PapierenHond: caused an explosion (UNKNOWN)
[16:33:54] [fe4tA#2] PapierenHond: caused an explosion (UNKNOWN)
[16:33:54] [fe4tA#2] PapierenHond: caused an explosion (UNKNOWN)
[16:33:55] [fe4tA#2] PapierenHond: caused an explosion (CAR)
[16:33:55] [fe4tA#2] PapierenHond: caused an explosion (UNKNOWN)
[16:33:55] [fe4tA#2] PapierenHond: caused an explosion (UNKNOWN)
[16:33:55] [fe4tA#2] PapierenHond: caused an explosion (UNKNOWN)
[16:33:55] [fe4tA#2] PapierenHond: caused an explosion (UNKNOWN)
[16:33:55] [fe4tA#2] PapierenHond: caused an explosion (UNKNOWN)
[16:33:55] [fe4tA#2] PapierenHond: caused an explosion (UNKNOWN)
[16:33:55] [fe4tA#2] PapierenHond: caused an explosion (UNKNOWN)
[16:33:57] [fe4tA#2] PapierenHond: caused an explosion (UNKNOWN)
[16:33:58] [fe4tA#2] PapierenHond: caused an explosion (UNKNOWN)
[16:34:06] [fe4tA#2] PapierenHond: caused an explosion (PLANE_ROCKET)
[16:34:10] [fe4tA#2] PapierenHond: caused an explosion (PLANE_ROCKET)
[16:34:10] [fe4tA#2] PapierenHond: caused an explosion (CAR)
[16:34:14] [fe4tA#2] PapierenHond: caused an explosion (PLANE_ROCKET)
[16:34:15] [fe4tA#2] PapierenHond: caused an explosion (PLANE_ROCKET)
[16:34:22] [fe4tA#2] PapierenHond: caused an explosion (PLANE_ROCKET)
[16:34:32] [fe4tA#2] PapierenHond: caused an explosion (PLANE_ROCKET)
[16:34:38] [fe4tA#2] PapierenHond: caused an explosion (PLANE_ROCKET)
[16:34:44] [fe4tA#2] PapierenHond: caused an explosion (UNKNOWN)
[16:34:44] [fe4tA#2] PapierenHond: caused an explosion (UNKNOWN)
[16:34:44] [fe4tA#2] PapierenHond: caused an explosion (CAR)
[16:34:44] [fe4tA#2] PapierenHond: caused an explosion (UNKNOWN)
[16:34:44] [fe4tA#2] PapierenHond: caused an explosion (UNKNOWN)
[16:34:44] [fe4tA#2] PapierenHond: caused an explosion (UNKNOWN)
[16:34:45] [fe4tA#2] PapierenHond: caused an explosion (UNKNOWN)
[16:34:45] [fe4tA#2] PapierenHond: caused an explosion (UNKNOWN)
[16:34:45] [fe4tA#2] PapierenHond: caused an explosion (UNKNOWN)
[16:34:45] [fe4tA#2] PapierenHond: caused an explosion (UNKNOWN)
[16:34:45] [fe4tA#2] PapierenHond: caused an explosion (UNKNOWN)
[16:34:45] [fe4tA#2] PapierenHond: caused an explosion (UNKNOWN)
[16:34:45] [fe4tA#2] PapierenHond: caused an explosion (UNKNOWN)
[16:34:45] [fe4tA#2] PapierenHond: caused an explosion (UNKNOWN)
[16:34:46] [fe4tA#2] PapierenHond: caused an explosion (UNKNOWN)
[16:34:46] [fe4tA#2] PapierenHond: caused an explosion (UNKNOWN)
[16:34:46] [fe4tA#2] PapierenHond: caused an explosion (UNKNOWN)
[16:34:46] [fe4tA#2] PapierenHond: caused an explosion (UNKNOWN)
[16:34:46] [fe4tA#2] PapierenHond: caused an explosion (UNKNOWN)
[16:34:46] [fe4tA#2] PapierenHond: caused an explosion (UNKNOWN)
[16:34:46] [fe4tA#2] PapierenHond: caused an explosion (UNKNOWN)
[16:34:47] [fe4tA#2] PapierenHond: caused an explosion (UNKNOWN)
[16:34:47] [fe4tA#2] PapierenHond: caused an explosion (UNKNOWN)
[16:34:52] [fe4tA#2] PapierenHond: caused an explosion (PLANE)
[16:34:52] [fe4tA#2] PapierenHond: caused an explosion (PLANE)
[16:34:53] [fe4tA#2] PapierenHond: died from suicide (Explosion)
[16:35:36] [fe4tA#2] PapierenHond: disconnected (Exiting)
